<?xml version="1.0" encoding="UTF-8"?>
<testng-results skipped="0" failed="0" ignored="0" total="1" passed="1">
  <reporter-output>
  </reporter-output>
  <suite name="Default suite" duration-ms="102" started-at="2020-07-09T16:27:45 IST" finished-at="2020-07-09T16:27:45 IST">
    <groups>
    </groups>
    <test name="Default test" duration-ms="102" started-at="2020-07-09T16:27:45 IST" finished-at="2020-07-09T16:27:45 IST">
      <class name="W3resources_ARRAY.Sort_numberic_array">
        <test-method status="PASS" signature="numberarray()[pri:0, instance:W3resources_ARRAY.Sort_numberic_array@6737fd8f]" name="numberarray" duration-ms="21" started-at="2020-07-09T16:27:45 IST" finished-at="2020-07-09T16:27:45 IST">
          <reporter-output>
          </reporter-output>
        </test-method> <!-- numberarray -->
      </class> <!-- W3resources_ARRAY.Sort_numberic_array -->
    </test> <!-- Default test -->
  </suite> <!-- Default suite -->
</testng-results>
